#
# Copyright (c) 2009 Nokia Corporation and/or its subsidiary(-ies).
# All rights reserved.
# This component and the accompanying materials are made available
# under the terms of "Eclipse Public License v1.0"
# which accompanies this distribution, and is available
# at the URL "http://www.eclipse.org/legal/epl-v10.html".
#
# Initial Contributors:
# Nokia Corporation - initial contribution.
#
# Contributors:
#
# Description: 
#

component	graphics_fonts
source	\sf\os\textandloc\fontservices\referencefonts
binary	\sf\os\textandloc\fontservices\referencefonts\group	all
exports	\sf\os\textandloc\fontservices\referencefonts\group
-export_file	\sf\os\textandloc\fontservices\referencefonts\group\ttf2bdf.ipr	\epoc32\engdoc\tools\ttf2bdf.ipr

notes_source	\component_defs\release.src


ipr T 

