#
# Copyright (c) 2009 Nokia Corporation and/or its subsidiary(-ies).
# All rights reserved.
# This component and the accompanying materials are made available
# under the terms of "Eclipse Public License v1.0"
# which accompanies this distribution, and is available
# at the URL "http://www.eclipse.org/legal/epl-v10.html".
#
# Initial Contributors:
# Nokia Corporation - initial contribution.
#
# Contributors:
#
# Description: 
#

component	syslibs_charconv_plugins

source	\sf\os\textandloc\charconvfw\charconvplugins
binary	\sf\os\textandloc\charconvfw\charconvplugins\group	all
exports	\sf\os\textandloc\charconvfw\charconvplugins\group

-export_file	\sf\os\textandloc\charconvfw\charconvplugins\documentation\cnvtool.rtf						\epoc32\engdoc\charconv\cnvtool.rtf
-export_file	\sf\os\textandloc\charconvfw\charconvplugins\documentation\charconv_plugins_perltools.ipr	\epoc32\engdoc\tools\charconv_plugins_perltools.ipr

notes_source	\component_defs\release.src

ipr E
ipr T \sf\os\textandloc\charconvfw\charconvplugins\test
